<?xml version="1.0" encoding="UTF-8"?>
<!-- Generated by org.testng.reporters.JUnitReportReporter -->
<testsuite hostname="Pooja" failures="0" tests="1" name="Test.Maintest" time="6.678" errors="0" timestamp="2020-08-11T18:08:28 IST" skipped="0">
  <testcase classname="Test.Maintest" name="verifyLogin" time="6.678"/>
  <system-out/>
</testsuite> <!-- Test.Maintest -->
